[2025-11-06T13:30:02.629Z] timer saved
[2025-11-06T13:30:09.628Z] timer saved
[2025-11-06T13:30:30.152Z] timer saved
[2025-11-06T13:30:42.500Z] timer saved
[2025-11-06T13:30:49.025Z] timer saved
[2025-11-06T13:31:15.630Z] timer saved
[2025-11-07T08:07:38.315Z] timer saved
[2025-11-07T08:07:45.712Z] timer saved
[2025-11-07T08:09:27.271Z] timer saved
[2025-11-07T08:09:47.866Z] timer saved
[2025-11-07T08:11:17.945Z] timer saved
[2025-11-07T08:16:52.449Z] timer saved
[2025-11-07T08:17:06.893Z] timer saved
[2025-11-07T08:17:24.441Z] timer saved
[2025-11-07T08:17:47.230Z] timer saved
[2025-11-07T08:17:57.907Z] timer saved
[2025-11-07T08:18:51.454Z] timer saved
[2025-11-07T08:19:32.819Z] timer saved
[2025-11-07T08:19:46.705Z] timer saved
[2025-11-07T08:49:06.009Z] timer saved
[2025-11-07T08:57:24.134Z] timer saved
[2025-11-07T08:57:35.977Z] timer saved
[2025-11-07T08:57:46.946Z] timer saved
[2025-11-07T08:57:48.192Z] timer saved
[2025-11-07T08:58:14.018Z] timer saved
[2025-11-07T08:58:33.407Z] timer saved
[2025-11-07T08:58:44.615Z] timer saved
[2025-11-07T08:59:28.875Z] timer saved
[2025-11-07T09:00:01.039Z] timer saved
[2025-11-07T09:00:08.593Z] timer saved
[2025-11-07T09:00:32.883Z] timer saved
[2025-11-07T09:00:36.356Z] timer saved
[2025-11-07T09:01:24.216Z] timer saved
[2025-11-07T09:02:13.836Z] timer saved
[2025-11-07T09:02:16.594Z] timer saved
[2025-11-07T09:03:56.674Z] timer saved
[2025-11-07T09:03:59.364Z] timer saved
[2025-11-07T09:04:01.418Z] timer saved
[2025-11-07T09:04:54.269Z] timer saved
[2025-11-07T09:06:00.098Z] timer saved
[2025-11-07T09:07:54.096Z] timer saved
[2025-11-07T09:08:08.874Z] timer saved
[2025-11-07T09:08:14.063Z] timer saved
[2025-11-07T09:08:15.205Z] timer saved
[2025-11-07T09:08:22.669Z] timer saved
[2025-11-07T09:44:07.895Z] timer saved
[2025-11-07T09:45:24.851Z] Помилка завантаження конфігу
[2025-11-07T09:45:27.918Z] Помилка завантаження конфігу
[2025-11-07T09:45:38.899Z] Конфіг завантажено
[2025-11-07T09:46:13.271Z] Конфіг завантажено
[2025-11-07T09:46:16.046Z] Конфіг завантажено
[2025-11-07T09:47:27.474Z] Конфіг завантажено
[2025-11-07T09:47:29.239Z] timer saved
[2025-11-07T09:47:41.987Z] Конфіг завантажено
[2025-11-07T09:47:52.535Z] timer saved
[2025-11-07T09:48:03.506Z] Конфіг завантажено
[2025-11-07T09:48:03.544Z] Конфіг завантажено
[2025-11-07T09:48:38.796Z] Конфіг завантажено
[2025-11-07T09:52:19.863Z] Конфіг завантажено
[2025-11-07T09:53:22.392Z] Конфіг завантажено
[2025-11-07T10:03:12.055Z] Конфіг завантажено
[2025-11-07T10:03:19.239Z] timer saved
[2025-11-07T10:04:40.532Z] Конфіг завантажено
[2025-11-07T10:04:42.652Z] timer saved
[2025-11-07T10:04:44.133Z] Оновлено після паузи
[2025-11-07T10:05:03.810Z] Оновлено після паузи
[2025-11-07T10:05:05.657Z] Конфіг завантажено
[2025-11-07T10:05:19.707Z] Конфіг завантажено
[2025-11-07T10:07:25.380Z] Тип конфігу НЕ ВІДПОВІДНИЙ
[2025-11-07T10:07:32.026Z] timer saved
[2025-11-07T10:07:35.429Z] Оновлено після паузи
[2025-11-07T10:08:03.211Z] Тип конфігу НЕ ВІДПОВІДНИЙ
[2025-11-07T10:08:06.926Z] timer saved
[2025-11-07T10:08:09.430Z] Оновлено після паузи
[2025-11-07T10:08:16.682Z] Оновлено після паузи
[2025-11-07T10:08:40.731Z] Тип конфігу НЕ ВІДПОВІДНИЙ
[2025-11-07T10:08:53.011Z] Тип конфігу НЕ ВІДПОВІДНИЙ
[2025-11-07T10:08:59.711Z] timer saved
[2025-11-07T10:09:01.244Z] Оновлено після паузи
[2025-11-07T10:09:25.267Z] Тип конфігу НЕ ВІДПОВІДНИЙ
[2025-11-07T10:09:27.646Z] timer saved
[2025-11-07T10:09:28.609Z] Оновлено після паузи
[2025-11-07T10:09:41.838Z] Тип конфігу НЕ ВІДПОВІДНИЙ
[2025-11-07T10:09:44.661Z] timer saved
[2025-11-07T10:09:49.013Z] Оновлено після паузи
[2025-11-07T10:09:53.840Z] Оновлено після паузи
[2025-11-07T10:10:01.703Z] Тип конфігу НЕ ВІДПОВІДНИЙ
[2025-11-07T10:10:17.076Z] Тип конфігу НЕ ВІДПОВІДНИЙ
[2025-11-07T10:10:31.450Z] Тип конфігу НЕ ВІДПОВІДНИЙ
[2025-11-07T10:21:57.087Z] Помилка завантаження конфігу
[2025-11-07T10:22:47.603Z] Конфіг завантажено
[2025-11-07T10:22:50.563Z] timer saved
[2025-11-07T10:22:53.133Z] Оновлено після паузи
[2025-11-07T10:22:59.315Z] Оновлено після паузи
[2025-11-07T10:23:30.276Z] Конфіг завантажено
[2025-11-07T10:23:33.777Z] timer saved
[2025-11-07T10:23:36.727Z] Оновлено після паузи
[2025-11-07T10:23:39.560Z] Оновлено після паузи
[2025-11-07T10:24:04.937Z] Конфіг завантажено
[2025-11-07T10:24:06.205Z] timer saved
[2025-11-07T10:24:11.542Z] Оновлено після паузи
[2025-11-07T10:24:24.515Z] Оновлено після паузи
[2025-11-07T10:24:59.538Z] Конфіг завантажено
[2025-11-07T10:25:11.050Z] Конфіг завантажено
[2025-11-07T10:26:15.148Z] Конфіг завантажено
[2025-11-07T10:26:15.595Z] timer saved
[2025-11-07T10:26:18.347Z] Оновлено після паузи
[2025-11-07T10:26:47.167Z] Оновлено після паузи
[2025-11-07T10:26:49.982Z] Оновлено після паузи
[2025-11-07T10:27:02.191Z] Оновлено після паузи
[2025-11-07T10:27:04.880Z] Оновлено після паузи
[2025-11-07T10:27:32.422Z] Конфіг завантажено
[2025-11-07T10:27:33.971Z] timer saved
[2025-11-07T10:27:38.189Z] Оновлено після паузи
[2025-11-07T10:27:55.356Z] Конфіг завантажено
[2025-11-07T10:27:57.160Z] timer saved
[2025-11-07T10:28:00.866Z] Оновлено після паузи
[2025-11-07T10:28:43.202Z] Конфіг завантажено
[2025-11-07T10:28:45.486Z] timer saved
[2025-11-07T10:28:46.300Z] Оновлено після паузи
[2025-11-07T10:28:47.228Z] Оновлено після паузи
[2025-11-07T10:28:50.523Z] Конфіг завантажено
[2025-11-07T10:28:51.316Z] timer saved
[2025-11-07T10:28:55.714Z] Оновлено після паузи
[2025-11-07T10:30:49.727Z] Конфіг завантажено
[2025-11-07T10:30:53.818Z] timer saved
[2025-11-07T10:30:57.213Z] Оновлено після паузи
[2025-11-07T10:30:59.451Z] Оновлено після паузи
[2025-11-07T10:31:01.709Z] Оновлено після паузи
[2025-11-07T10:31:05.625Z] Оновлено після паузи
[2025-11-07T10:31:08.456Z] Конфіг завантажено
[2025-11-07T10:31:12.246Z] timer saved
[2025-11-07T10:31:25.091Z] Оновлено після паузи
[2025-11-07T10:31:33.839Z] Оновлено після паузи
[2025-11-07T10:32:14.042Z] Оновлено після паузи
[2025-11-07T10:32:16.575Z] Конфіг завантажено
[2025-11-07T10:32:24.296Z] timer saved
[2025-11-07T10:32:28.264Z] Оновлено після паузи
[2025-11-07T10:32:52.771Z] Оновлено після паузи
[2025-11-07T10:33:06.547Z] Конфіг завантажено
[2025-11-07T10:33:06.946Z] timer saved
[2025-11-07T10:33:11.870Z] Оновлено після паузи
[2025-11-07T10:33:19.084Z] Оновлено після паузи
[2025-11-07T10:33:26.869Z] Конфіг завантажено
[2025-11-07T10:33:29.170Z] timer saved
[2025-11-07T10:33:33.801Z] Оновлено після паузи
[2025-11-07T10:33:43.160Z] Оновлено після паузи
[2025-11-07T10:33:47.719Z] Оновлено після паузи
[2025-11-07T10:33:49.152Z] Конфіг завантажено
[2025-11-07T10:41:57.337Z] Конфіг завантажено
[2025-11-07T10:41:58.556Z] timer saved
[2025-11-07T10:42:06.293Z] Оновлено після паузи
[2025-11-07T10:42:12.326Z] Оновлено після паузи
[2025-11-07T10:42:22.432Z] Конфіг завантажено
[2025-11-07T10:42:27.107Z] timer saved
[2025-11-07T10:42:30.245Z] Оновлено після паузи
[2025-11-07T10:42:33.114Z] Оновлено після паузи
[2025-11-07T10:43:44.798Z] Конфіг завантажено
[2025-11-07T10:43:48.030Z] timer saved
[2025-11-07T10:43:50.113Z] Оновлено після паузи
[2025-11-07T10:43:51.389Z] Оновлено після паузи
[2025-11-07T10:44:40.052Z] Конфіг завантажено
[2025-11-07T10:44:41.486Z] timer saved
[2025-11-07T10:44:43.482Z] Оновлено після паузи
[2025-11-07T10:44:44.423Z] Оновлено після паузи
[2025-11-07T10:45:06.710Z] Конфіг завантажено
[2025-11-07T10:45:08.061Z] timer saved
[2025-11-07T10:45:10.245Z] Оновлено після паузи
[2025-11-07T10:45:12.969Z] Оновлено після паузи
[2025-11-07T10:47:06.381Z] Конфіг завантажено
[2025-11-07T10:47:07.757Z] timer saved
[2025-11-07T10:47:09.140Z] Оновлено після паузи
[2025-11-07T10:47:13.100Z] Оновлено після паузи
[2025-11-07T10:48:28.819Z] Конфіг завантажено
[2025-11-07T10:48:32.763Z] timer saved
[2025-11-07T10:48:35.737Z] Оновлено після паузи
[2025-11-07T10:48:39.397Z] Оновлено після паузи
[2025-11-07T10:48:45.196Z] Оновлено після паузи
[2025-11-07T10:48:46.646Z] Оновлено після паузи
[2025-11-07T10:48:47.535Z] Оновлено після паузи
[2025-11-07T10:48:47.876Z] Оновлено після паузи
[2025-11-07T10:48:48.173Z] Оновлено після паузи
[2025-11-07T10:48:48.370Z] Оновлено після паузи
[2025-11-07T10:48:48.546Z] Оновлено після паузи
[2025-11-07T10:48:48.725Z] Оновлено після паузи
[2025-11-07T10:48:48.885Z] Оновлено після паузи
[2025-11-07T10:48:49.044Z] Оновлено після паузи
[2025-11-07T10:48:49.201Z] Оновлено після паузи
[2025-11-07T10:48:49.347Z] Оновлено після паузи
[2025-11-07T10:48:49.504Z] Оновлено після паузи
[2025-11-07T10:48:49.658Z] Оновлено після паузи
[2025-11-07T10:48:49.805Z] Оновлено після паузи
[2025-11-07T10:48:49.961Z] Оновлено після паузи
[2025-11-07T10:48:50.119Z] Оновлено після паузи
[2025-11-07T10:48:50.274Z] Оновлено після паузи
[2025-11-07T10:48:50.410Z] Оновлено після паузи
[2025-11-07T10:48:52.165Z] Оновлено після паузи
[2025-11-07T10:48:55.027Z] Конфіг завантажено
[2025-11-07T10:48:56.417Z] Оновлено після паузи
[2025-11-07T10:48:59.517Z] Оновлено після паузи
[2025-11-07T10:49:01.102Z] Оновлено після паузи
[2025-11-07T10:49:03.090Z] Оновлено після паузи
[2025-11-07T10:49:08.265Z] Конфіг завантажено
[2025-11-07T10:52:48.255Z] Конфіг завантажено
[2025-11-07T10:52:56.666Z] Конфіг завантажено
[2025-11-07T10:52:58.313Z] timer saved
[2025-11-07T10:53:04.675Z] Оновлено після паузи
[2025-11-07T10:53:09.468Z] Оновлено після паузи
[2025-11-07T10:53:20.467Z] Оновлено після завершення
[2025-11-07T10:53:23.206Z] Конфіг завантажено
[2025-11-07T10:53:24.465Z] timer saved
[2025-11-07T10:53:27.831Z] Оновлено після паузи
[2025-11-07T10:53:30.774Z] Оновлено після паузи
[2025-11-07T10:53:36.853Z] Конфіг завантажено
[2025-11-07T10:53:39.939Z] Конфіг завантажено
[2025-11-07T10:53:42.494Z] Оновлено після паузи
[2025-11-07T10:53:43.943Z] Конфіг завантажено
[2025-11-07T10:54:00.960Z] Конфіг завантажено
[2025-11-07T10:54:02.675Z] timer saved
[2025-11-07T10:54:12.904Z] Оновлено після паузи
[2025-11-07T10:54:21.484Z] Конфіг завантажено
[2025-11-07T10:54:22.153Z] timer saved
[2025-11-07T10:54:26.606Z] Оновлено після паузи
[2025-11-07T10:54:28.823Z] Конфіг завантажено
[2025-11-07T10:56:35.917Z] Тип конфігу НЕ ВІДПОВІДНИЙ
[2025-11-07T10:56:36.081Z] Конфіг завантажено
[2025-11-07T10:57:09.714Z] Тип конфігу НЕ ВІДПОВІДНИЙ
[2025-11-07T10:57:09.819Z] Конфіг завантажено
[2025-11-07T10:57:11.460Z] Тип конфігу НЕ ВІДПОВІДНИЙ
[2025-11-07T10:57:11.487Z] Оновлено після паузи
[2025-11-07T10:57:14.422Z] Тип конфігу НЕ ВІДПОВІДНИЙ
[2025-11-07T10:57:14.447Z] Оновлено після паузи
[2025-11-07T10:57:17.186Z] Тип конфігу НЕ ВІДПОВІДНИЙ
[2025-11-07T10:57:17.288Z] Конфіг завантажено
[2025-11-07T10:58:10.851Z] Тип конфігу НЕ ВІДПОВІДНИЙ
[2025-11-07T10:58:10.976Z] Конфіг завантажено
[2025-11-07T10:58:18.301Z] Тип конфігу НЕ ВІДПОВІДНИЙ
[2025-11-07T10:58:18.384Z] Конфіг завантажено
[2025-11-07T10:59:45.592Z] Тип конфігу НЕ ВІДПОВІДНИЙ
[2025-11-07T10:59:45.739Z] Конфіг завантажено
[2025-11-07T10:59:51.415Z] Тип конфігу НЕ ВІДПОВІДНИЙ
[2025-11-07T10:59:51.569Z] Конфіг завантажено
[2025-11-07T11:00:00.682Z] Тип конфігу НЕ ВІДПОВІДНИЙ
[2025-11-07T11:00:00.864Z] Конфіг завантажено
[2025-11-07T11:00:30.735Z] Тип конфігу НЕ ВІДПОВІДНИЙ
[2025-11-07T11:00:30.869Z] Конфіг завантажено
[2025-11-07T11:00:40.546Z] Тип конфігу НЕ ВІДПОВІДНИЙ
[2025-11-07T11:00:40.647Z] Конфіг завантажено
[2025-11-07T11:00:44.963Z] Тип конфігу НЕ ВІДПОВІДНИЙ
[2025-11-07T11:00:45.253Z] Конфіг завантажено
[2025-11-07T11:00:45.838Z] Тип конфігу НЕ ВІДПОВІДНИЙ
[2025-11-07T11:00:45.950Z] Конфіг завантажено
[2025-11-07T11:00:57.656Z] Тип конфігу НЕ ВІДПОВІДНИЙ
[2025-11-07T11:00:57.722Z] Конфіг завантажено
[2025-11-07T11:01:03.106Z] Тип конфігу НЕ ВІДПОВІДНИЙ
[2025-11-07T11:01:03.202Z] Конфіг завантажено
[2025-11-07T11:01:49.761Z] Тип конфігу НЕ ВІДПОВІДНИЙ
[2025-11-07T11:01:49.889Z] Конфіг завантажено
[2025-11-07T11:01:59.157Z] Тип конфігу НЕ ВІДПОВІДНИЙ
[2025-11-07T11:01:59.185Z] Оновлено після паузи
[2025-11-07T11:02:09.180Z] Оновлено після завершення
[2025-11-07T11:02:09.188Z] Тип конфігу НЕ ВІДПОВІДНИЙ
[2025-11-07T11:02:38.166Z] Тип конфігу НЕ ВІДПОВІДНИЙ
[2025-11-07T11:02:38.278Z] Конфіг завантажено
[2025-11-07T11:02:44.859Z] Тип конфігу НЕ ВІДПОВІДНИЙ
[2025-11-07T11:02:44.962Z] Конфіг завантажено
[2025-11-07T11:02:54.741Z] Тип конфігу НЕ ВІДПОВІДНИЙ
[2025-11-07T11:02:55.131Z] Конфіг завантажено
[2025-11-07T11:02:55.689Z] Тип конфігу НЕ ВІДПОВІДНИЙ
[2025-11-07T11:02:55.747Z] Конфіг завантажено
[2025-11-07T11:03:09.099Z] Тип конфігу НЕ ВІДПОВІДНИЙ
[2025-11-07T11:03:09.184Z] Конфіг завантажено
[2025-11-07T11:05:35.257Z] Тип конфігу НЕ ВІДПОВІДНИЙ
[2025-11-07T11:05:35.507Z] Конфіг завантажено
[2025-11-07T11:05:41.939Z] timer saved
[2025-11-07T11:05:47.789Z] Оновлено після паузи
[2025-11-07T11:05:50.148Z] Тип конфігу НЕ ВІДПОВІДНИЙ
[2025-11-07T11:05:50.209Z] Конфіг завантажено
[2025-11-07T11:05:55.508Z] Тип конфігу НЕ ВІДПОВІДНИЙ
[2025-11-07T11:05:55.545Z] Оновлено після паузи
[2025-11-07T11:06:00.962Z] Тип конфігу НЕ ВІДПОВІДНИЙ
[2025-11-07T11:06:00.979Z] Тип конфігу НЕ ВІДПОВІДНИЙ
[2025-11-07T11:06:01.061Z] Конфіг завантажено
[2025-11-07T11:06:01.118Z] Конфіг завантажено
[2025-11-07T11:06:07.675Z] Оновлено після завершення
[2025-11-07T11:06:08.811Z] timer saved
[2025-11-07T11:06:18.887Z] Тип конфігу НЕ ВІДПОВІДНИЙ
[2025-11-07T11:06:18.907Z] Тип конфігу НЕ ВІДПОВІДНИЙ
[2025-11-07T11:06:18.992Z] Конфіг завантажено
[2025-11-07T11:06:19.051Z] Конфіг завантажено
[2025-11-07T11:06:21.854Z] Оновлено після паузи
[2025-11-07T11:23:27.192Z] Тип конфігу НЕ ВІДПОВІДНИЙ
[2025-11-07T11:23:27.441Z] Конфіг завантажено
[2025-11-07T11:23:32.611Z] Тип конфігу НЕ ВІДПОВІДНИЙ
[2025-11-07T11:23:32.692Z] Конфіг завантажено
[2025-11-07T11:23:33.929Z] Тип конфігу НЕ ВІДПОВІДНИЙ
[2025-11-07T11:23:34.032Z] Оновлено після паузи
[2025-11-07T11:23:42.266Z] Тип конфігу НЕ ВІДПОВІДНИЙ
[2025-11-07T11:23:42.318Z] Оновлено після паузи
[2025-11-07T11:23:44.908Z] Тип конфігу НЕ ВІДПОВІДНИЙ
[2025-11-07T11:23:44.997Z] Конфіг завантажено
[2025-11-07T11:26:24.759Z] Тип конфігу НЕ ВІДПОВІДНИЙ
[2025-11-07T11:26:24.989Z] Конфіг завантажено
[2025-11-07T11:26:26.679Z] timer ЗУПИНЕНО
[2025-11-07T11:26:38.977Z] Тип конфігу НЕ ВІДПОВІДНИЙ
[2025-11-07T11:26:39.070Z] Конфіг завантажено
[2025-11-07T11:27:06.886Z] Тип конфігу НЕ ВІДПОВІДНИЙ
[2025-11-07T11:27:06.962Z] Конфіг завантажено
[2025-11-07T11:27:08.906Z] timer saved
[2025-11-07T11:27:12.711Z] Оновлено після паузи
[2025-11-07T11:27:15.242Z] Тип конфігу НЕ ВІДПОВІДНИЙ
[2025-11-07T11:27:15.319Z] Конфіг завантажено
[2025-11-07T11:27:18.278Z] timer ЗУПИНЕНО
[2025-11-07T11:27:56.901Z] Тип конфігу НЕ ВІДПОВІДНИЙ
[2025-11-07T11:27:57.049Z] Конфіг завантажено
[2025-11-07T11:27:59.989Z] timer saved
[2025-11-07T11:28:03.340Z] Оновлено після паузи
[2025-11-07T11:28:05.586Z] timer ЗУПИНЕНО
[2025-11-07T11:29:13.189Z] Тип конфігу НЕ ВІДПОВІДНИЙ
[2025-11-07T11:29:13.352Z] Конфіг завантажено
[2025-11-07T11:29:14.103Z] timer saved
[2025-11-07T11:29:19.147Z] Оновлено після паузи
[2025-11-07T11:29:20.192Z] timer ЗУПИНЕНО
[2025-11-07T11:30:26.466Z] Тип конфігу НЕ ВІДПОВІДНИЙ
[2025-11-07T11:30:26.599Z] Конфіг завантажено
[2025-11-07T11:30:27.466Z] timer saved
[2025-11-07T11:30:30.963Z] Оновлено після паузи
[2025-11-07T11:30:32.895Z] timer ЗУПИНЕНО
[2025-11-07T11:32:26.252Z] Тип конфігу НЕ ВІДПОВІДНИЙ
[2025-11-07T11:32:26.351Z] Конфіг завантажено
[2025-11-07T11:32:27.777Z] timer saved
[2025-11-07T11:32:30.199Z] Оновлено після паузи
[2025-11-07T11:32:31.314Z] timer ЗУПИНЕНО
[2025-11-07T11:32:58.395Z] Тип конфігу НЕ ВІДПОВІДНИЙ
[2025-11-07T11:32:58.547Z] Конфіг завантажено
[2025-11-07T11:33:00.320Z] timer saved
[2025-11-07T11:33:02.757Z] Оновлено після паузи
[2025-11-07T11:33:04.889Z] timer ЗУПИНЕНО
[2025-11-07T11:34:21.099Z] Тип конфігу НЕ ВІДПОВІДНИЙ
[2025-11-07T11:34:21.225Z] Конфіг завантажено
[2025-11-07T11:34:22.011Z] timer saved
[2025-11-07T11:34:26.429Z] Оновлено після паузи
[2025-11-07T11:34:28.944Z] Тип конфігу НЕ ВІДПОВІДНИЙ
[2025-11-07T11:34:29.021Z] Конфіг завантажено
[2025-11-07T11:34:30.985Z] Тип конфігу НЕ ВІДПОВІДНИЙ
[2025-11-07T11:34:31.042Z] Оновлено після паузи
[2025-11-07T11:34:32.745Z] Тип конфігу НЕ ВІДПОВІДНИЙ
[2025-11-07T11:34:32.791Z] Оновлено після паузи
[2025-11-07T11:34:34.165Z] timer ЗУПИНЕНО
[2025-11-07T11:34:34.181Z] Тип конфігу НЕ ВІДПОВІДНИЙ
[2025-11-07T11:34:36.054Z] timer ЗУПИНЕНО
[2025-11-07T11:34:36.067Z] Тип конфігу НЕ ВІДПОВІДНИЙ
[2025-11-07T11:34:36.761Z] timer ЗУПИНЕНО
[2025-11-07T11:34:36.777Z] Тип конфігу НЕ ВІДПОВІДНИЙ
[2025-11-07T11:34:43.047Z] Тип конфігу НЕ ВІДПОВІДНИЙ
[2025-11-07T11:34:43.082Z] Оновлено після паузи
[2025-11-07T11:34:47.850Z] timer ЗУПИНЕНО
[2025-11-07T11:34:47.865Z] Тип конфігу НЕ ВІДПОВІДНИЙ
[2025-11-07T11:34:52.002Z] Тип конфігу НЕ ВІДПОВІДНИЙ
[2025-11-07T11:34:52.073Z] Конфіг завантажено
[2025-11-07T11:35:04.896Z] Тип конфігу НЕ ВІДПОВІДНИЙ
[2025-11-07T11:35:04.980Z] Конфіг завантажено
[2025-11-07T11:35:05.588Z] timer saved
[2025-11-07T11:35:07.449Z] timer ЗУПИНЕНО
[2025-11-07T11:35:29.196Z] Тип конфігу НЕ ВІДПОВІДНИЙ
[2025-11-07T11:35:29.279Z] Конфіг завантажено
[2025-11-07T11:35:30.073Z] timer saved
[2025-11-07T11:35:32.564Z] timer ЗУПИНЕНО
[2025-11-07T11:36:11.079Z] Тип конфігу НЕ ВІДПОВІДНИЙ
[2025-11-07T11:36:11.213Z] Конфіг завантажено
[2025-11-07T11:36:11.985Z] timer saved
[2025-11-07T11:36:14.757Z] timer ЗУПИНЕНО
[2025-11-07T11:36:17.092Z] timer saved
[2025-11-07T11:36:21.038Z] Тип конфігу НЕ ВІДПОВІДНИЙ
[2025-11-07T11:36:21.100Z] Конфіг завантажено
[2025-11-07T11:36:24.294Z] timer ЗУПИНЕНО
[2025-11-07T11:36:26.237Z] timer saved
[2025-11-07T11:36:28.678Z] Оновлено після паузи
[2025-11-07T11:36:39.430Z] Тип конфігу НЕ ВІДПОВІДНИЙ
[2025-11-07T11:36:39.530Z] Конфіг завантажено
[2025-11-07T11:36:58.019Z] Тип конфігу НЕ ВІДПОВІДНИЙ
[2025-11-07T11:36:58.100Z] Конфіг завантажено
[2025-11-07T11:37:03.033Z] Тип конфігу НЕ ВІДПОВІДНИЙ
[2025-11-07T11:37:03.095Z] Оновлено після паузи
[2025-11-07T11:37:06.523Z] timer ЗУПИНЕНО
[2025-11-07T11:37:06.538Z] Тип конфігу НЕ ВІДПОВІДНИЙ
[2025-11-07T11:41:21.843Z] Тип конфігу НЕ ВІДПОВІДНИЙ
[2025-11-07T11:41:22.185Z] Конфіг завантажено
[2025-11-07T11:41:45.446Z] Тип конфігу НЕ ВІДПОВІДНИЙ
[2025-11-07T11:41:45.545Z] Конфіг завантажено
[2025-11-07T11:41:46.891Z] timer saved
[2025-11-07T11:41:49.749Z] Оновлено після паузи
[2025-11-07T11:41:51.928Z] timer ЗУПИНЕНО
[2025-11-07T11:42:28.498Z] Тип конфігу НЕ ВІДПОВІДНИЙ
[2025-11-07T11:42:28.654Z] Конфіг завантажено
[2025-11-07T11:42:42.102Z] Тип конфігу НЕ ВІДПОВІДНИЙ
[2025-11-07T11:42:42.178Z] Конфіг завантажено
[2025-11-07T11:43:12.754Z] Тип конфігу НЕ ВІДПОВІДНИЙ
[2025-11-07T11:43:12.967Z] Конфіг завантажено
[2025-11-07T11:43:14.114Z] Оновлено після паузи
[2025-11-07T11:43:18.203Z] Тип конфігу НЕ ВІДПОВІДНИЙ
[2025-11-07T11:43:18.266Z] Конфіг завантажено
[2025-11-07T11:43:30.700Z] Тип конфігу НЕ ВІДПОВІДНИЙ
[2025-11-07T11:43:30.814Z] Конфіг завантажено
[2025-11-07T11:43:40.695Z] Тип конфігу НЕ ВІДПОВІДНИЙ
[2025-11-07T11:43:40.817Z] Конфіг завантажено
[2025-11-07T11:43:41.872Z] Тип конфігу НЕ ВІДПОВІДНИЙ
[2025-11-07T11:43:41.917Z] Оновлено після паузи
[2025-11-07T11:43:45.307Z] Тип конфігу НЕ ВІДПОВІДНИЙ
[2025-11-07T11:43:45.399Z] Конфіг завантажено
[2025-11-07T11:43:49.841Z] timer ЗУПИНЕНО
[2025-11-07T11:43:52.693Z] Тип конфігу НЕ ВІДПОВІДНИЙ
[2025-11-07T11:43:52.799Z] Конфіг завантажено
[2025-11-07T11:44:45.386Z] Тип конфігу НЕ ВІДПОВІДНИЙ
[2025-11-07T11:44:45.562Z] Конфіг завантажено
[2025-11-07T11:45:06.006Z] Тип конфігу НЕ ВІДПОВІДНИЙ
[2025-11-07T11:45:06.085Z] Конфіг завантажено
[2025-11-07T11:45:19.860Z] Тип конфігу НЕ ВІДПОВІДНИЙ
[2025-11-07T11:45:19.958Z] Конфіг завантажено
[2025-11-07T11:46:16.147Z] Тип конфігу НЕ ВІДПОВІДНИЙ
[2025-11-07T11:46:16.335Z] Конфіг завантажено
[2025-11-07T11:48:11.219Z] Тип конфігу НЕ ВІДПОВІДНИЙ
[2025-11-07T11:48:11.384Z] Конфіг завантажено
[2025-11-07T11:48:14.207Z] timer saved
[2025-11-07T11:48:32.904Z] Тип конфігу НЕ ВІДПОВІДНИЙ
[2025-11-07T11:48:32.965Z] Конфіг завантажено
[2025-11-07T11:48:52.535Z] Оновлено після завершення
[2025-11-07T11:49:31.259Z] Тип конфігу НЕ ВІДПОВІДНИЙ
[2025-11-07T11:49:31.408Z] Конфіг завантажено
[2025-11-07T11:49:46.422Z] timer ЗУПИНЕНО
[2025-11-07T11:50:15.652Z] Тип конфігу НЕ ВІДПОВІДНИЙ
[2025-11-07T11:50:15.763Z] Конфіг завантажено
[2025-11-07T11:50:25.208Z] timer saved
[2025-11-07T11:50:36.029Z] Оновлено після паузи
[2025-11-07T11:50:48.144Z] Тип конфігу НЕ ВІДПОВІДНИЙ
[2025-11-07T11:50:48.293Z] Конфіг завантажено
[2025-11-07T11:50:51.405Z] Тип конфігу НЕ ВІДПОВІДНИЙ
[2025-11-07T11:50:51.466Z] Оновлено після паузи
[2025-11-07T11:51:12.337Z] Тип конфігу НЕ ВІДПОВІДНИЙ
[2025-11-07T11:51:12.436Z] Конфіг завантажено
[2025-11-07T11:51:16.414Z] Оновлено після паузи
[2025-11-07T11:51:18.992Z] Тип конфігу НЕ ВІДПОВІДНИЙ
[2025-11-07T11:51:19.052Z] Оновлено після паузи
[2025-11-07T11:51:21.730Z] Тип конфігу НЕ ВІДПОВІДНИЙ
[2025-11-07T11:51:21.822Z] Конфіг завантажено
[2025-11-07T11:51:52.630Z] timer saved
[2025-11-07T11:51:54.996Z] Оновлено після паузи
[2025-11-07T11:51:58.362Z] Тип конфігу НЕ ВІДПОВІДНИЙ
[2025-11-07T11:51:58.477Z] Конфіг завантажено
[2025-11-07T11:52:27.509Z] Тип конфігу НЕ ВІДПОВІДНИЙ
[2025-11-07T11:52:27.604Z] Конфіг завантажено
[2025-11-07T11:52:28.689Z] Тип конфігу НЕ ВІДПОВІДНИЙ
[2025-11-07T11:52:28.745Z] Оновлено після паузи
[2025-11-07T11:53:03.746Z] Оновлено після завершення
[2025-11-07T11:53:03.758Z] Тип конфігу НЕ ВІДПОВІДНИЙ
[2025-11-07T11:53:11.807Z] Тип конфігу НЕ ВІДПОВІДНИЙ
[2025-11-07T11:53:12.081Z] Конфіг завантажено
[2025-11-07T11:53:13.022Z] timer saved
[2025-11-07T11:53:16.727Z] Оновлено після паузи
[2025-11-07T11:53:19.013Z] timer ЗУПИНЕНО
[2025-11-07T12:10:10.114Z] timer saved
[2025-11-07T12:10:10.818Z] Оновлено після паузи
[2025-11-07T12:10:11.919Z] Тип конфігу НЕ ВІДПОВІДНИЙ
[2025-11-07T12:10:11.972Z] Оновлено після паузи
[2025-11-07T12:10:17.530Z] timer ЗУПИНЕНО
[2025-11-07T12:10:17.544Z] Тип конфігу НЕ ВІДПОВІДНИЙ
[2025-11-07T12:11:12.119Z] timer saved
[2025-11-07T12:11:12.608Z] Оновлено після паузи
[2025-11-07T12:11:20.339Z] timer ЗУПИНЕНО
[2025-11-07T12:15:04.708Z] Тип конфігу НЕ ВІДПОВІДНИЙ
[2025-11-07T12:15:04.988Z] Конфіг завантажено
[2025-11-07T12:15:06.657Z] timer ЗУПИНЕНО
[2025-11-07T12:15:11.737Z] Тип конфігу НЕ ВІДПОВІДНИЙ
[2025-11-07T12:15:11.800Z] Конфіг завантажено
[2025-11-07T12:15:37.489Z] timer ЗУПИНЕНО
[2025-11-07T12:16:14.552Z] Тип конфігу НЕ ВІДПОВІДНИЙ
[2025-11-07T12:16:14.746Z] Конфіг завантажено
[2025-11-07T12:16:15.870Z] timer ЗУПИНЕНО
[2025-11-07T12:16:22.311Z] timer saved
[2025-11-07T12:16:25.005Z] Тип конфігу НЕ ВІДПОВІДНИЙ
[2025-11-07T12:16:25.061Z] Конфіг завантажено
[2025-11-07T12:16:32.038Z] timer ЗУПИНЕНО
[2025-11-07T12:16:37.018Z] Тип конфігу НЕ ВІДПОВІДНИЙ
[2025-11-07T12:16:37.076Z] Конфіг завантажено
[2025-11-08T14:16:24.219Z] Тип конфігу НЕ ВІДПОВІДНИЙ
[2025-11-08T14:16:24.228Z] Конфіг завантажено
[2025-11-08T14:16:24.246Z] Тип конфігу НЕ ВІДПОВІДНИЙ
[2025-11-08T14:16:24.237Z] Конфіг завантажено
