[2025-11-03T16:24:30.952Z] [Запуск] Таймер на 0:0:45 запущено
[2025-11-03T16:24:34.103Z] [PAUSE] Таймер на паузі
[2025-11-03T16:25:03.670Z] [Запуск] Таймер на 0:0:45 запущено
[2025-11-03T16:25:06.555Z] [PAUSE] Таймер на паузі
[2025-11-03T16:25:16.769Z] [PAUSE] Таймер на паузі
[2025-11-03T16:25:28.105Z] [Запуск] Таймер на 0:0:45 запущено
[2025-11-03T16:25:44.466Z] [PAUSE] Таймер на паузі
[2025-11-03T16:26:23.452Z] [Запуск] Таймер на 0:0:45 запущено
[2025-11-03T16:26:24.888Z] [PAUSE] Таймер на паузі
[2025-11-03T16:26:47.442Z] [Запуск] Таймер на 0:0:45 запущено
[2025-11-03T16:26:49.078Z] [PAUSE] Таймер на паузі
[2025-11-03T16:27:07.152Z] [CONTINUE] Продовжуємо
[2025-11-03T16:27:07.246Z] [CONTINUE] Продовжуємо
[2025-11-03T16:27:07.369Z] [CONTINUE] Продовжуємо
[2025-11-03T16:27:49.782Z] [Відпрацьовано] Таймер відпрацював
[2025-11-03T16:28:19.535Z] [Запуск] Таймер на 0:0:45 запущено
[2025-11-03T16:28:22.145Z] [PAUSE] Таймер на паузі
[2025-11-03T16:28:23.929Z] [CONTINUE] Продовжуємо
[2025-11-03T16:28:28.365Z] [PAUSE] Таймер на паузі
[2025-11-03T16:28:37.231Z] [CONTINUE] Продовжуємо
[2025-11-03T16:28:42.370Z] [PAUSE] Таймер на паузі
[2025-11-03T16:28:44.674Z] [CONTINUE] Продовжуємо
[2025-11-03T16:29:16.711Z] [Відпрацьовано] Таймер відпрацював
[2025-11-03T16:30:47.313Z] [Запуск] Таймер на 0:0:45 запущено
[2025-11-03T16:30:49.082Z] [PAUSE] Таймер на паузі
[2025-11-03T16:30:54.017Z] [CONTINUE] Продовжуємо
[2025-11-03T16:30:57.694Z] [PAUSE] Таймер на паузі
[2025-11-03T16:31:00.317Z] [CONTINUE] Продовжуємо
[2025-11-03T16:31:39.331Z] [Відпрацьовано] Таймер відпрацював
[2025-11-03T16:34:39.505Z] [Запуск] Таймер на 0:0:45 запущено
[2025-11-03T16:34:44.355Z] [PAUSE] Таймер на паузі
[2025-11-03T16:34:46.485Z] [CONTINUE] Продовжуємо
[2025-11-03T16:34:47.049Z] [STOP] Таймер зупинено
[2025-11-03T16:34:56.740Z] [Запуск] Таймер на 0:0:18 запущено
[2025-11-03T16:35:01.264Z] [STOP] Таймер зупинено
[2025-11-03T16:37:33.199Z] [Запуск] Таймер на 0:0:18 запущено
[2025-11-03T16:37:34.884Z] [PAUSE] Таймер на паузі
[2025-11-03T16:37:38.662Z] [CONTINUE] Продовжуємо
[2025-11-03T16:37:44.055Z] [PAUSE] Таймер на паузі
[2025-11-03T16:37:59.766Z] [CONTINUE] Продовжуємо
[2025-11-03T16:38:09.753Z] [Відпрацьовано] Таймер відпрацював
[2025-11-03T16:39:37.069Z] [Запуск] Таймер на 0:0:18 запущено
[2025-11-03T16:39:40.911Z] [PAUSE] Таймер на паузі
[2025-11-03T16:39:46.013Z] [CONTINUE] Продовжуємо
[2025-11-03T16:39:50.469Z] [PAUSE] Таймер на паузі
[2025-11-03T16:41:22.377Z] [CONTINUE] Продовжуємо
[2025-11-03T16:41:31.384Z] [Відпрацьовано] Таймер відпрацював
[2025-11-03T16:42:09.866Z] [Запуск] Таймер на 0:0:18 запущено
[2025-11-03T16:42:11.363Z] [PAUSE] Таймер на паузі
[2025-11-03T16:42:13.928Z] [CONTINUE] Продовжуємо
[2025-11-03T16:42:16.602Z] [PAUSE] Таймер на паузі
[2025-11-03T16:45:55.324Z] [CONTINUE] Продовжуємо
[2025-11-03T16:46:02.445Z] [STOP] Таймер зупинено
